{"D:\\Web Project V2\\Web-App\\backend\\controllers\\cartController.js": {"path":"D:\\Web Project V2\\Web-App\\backend\\controllers\\cartController.js","statementMap":{"0":{"start":{"line":5,"column":18},"end":{"line":21,"column":1}},"1":{"start":{"line":6,"column":4},"end":{"line":20,"column":5}},"2":{"start":{"line":7,"column":23},"end":{"line":7,"column":59}},"3":{"start":{"line":8,"column":23},"end":{"line":8,"column":46}},"4":{"start":{"line":9,"column":8},"end":{"line":14,"column":9}},"5":{"start":{"line":10,"column":12},"end":{"line":10,"column":42}},"6":{"start":{"line":13,"column":12},"end":{"line":13,"column":43}},"7":{"start":{"line":15,"column":8},"end":{"line":15,"column":65}},"8":{"start":{"line":16,"column":8},"end":{"line":16,"column":57}},"9":{"start":{"line":18,"column":8},"end":{"line":18,"column":27}},"10":{"start":{"line":19,"column":8},"end":{"line":19,"column":49}},"11":{"start":{"line":27,"column":23},"end":{"line":40,"column":1}},"12":{"start":{"line":28,"column":4},"end":{"line":39,"column":5}},"13":{"start":{"line":29,"column":23},"end":{"line":29,"column":59}},"14":{"start":{"line":30,"column":23},"end":{"line":30,"column":46}},"15":{"start":{"line":31,"column":8},"end":{"line":33,"column":9}},"16":{"start":{"line":32,"column":12},"end":{"line":32,"column":43}},"17":{"start":{"line":34,"column":8},"end":{"line":34,"column":65}},"18":{"start":{"line":35,"column":8},"end":{"line":35,"column":60}},"19":{"start":{"line":37,"column":8},"end":{"line":37,"column":27}},"20":{"start":{"line":38,"column":8},"end":{"line":38,"column":49}},"21":{"start":{"line":46,"column":16},"end":{"line":55,"column":1}},"22":{"start":{"line":47,"column":4},"end":{"line":54,"column":5}},"23":{"start":{"line":48,"column":23},"end":{"line":48,"column":59}},"24":{"start":{"line":49,"column":23},"end":{"line":49,"column":46}},"25":{"start":{"line":50,"column":8},"end":{"line":50,"column":41}},"26":{"start":{"line":52,"column":8},"end":{"line":52,"column":27}},"27":{"start":{"line":53,"column":8},"end":{"line":53,"column":49}}},"fnMap":{"0":{"name":"(anonymous_0)","decl":{"start":{"line":5,"column":18},"end":{"line":5,"column":19}},"loc":{"start":{"line":5,"column":37},"end":{"line":21,"column":1}},"line":5},"1":{"name":"(anonymous_1)","decl":{"start":{"line":27,"column":23},"end":{"line":27,"column":24}},"loc":{"start":{"line":27,"column":42},"end":{"line":40,"column":1}},"line":27},"2":{"name":"(anonymous_2)","decl":{"start":{"line":46,"column":16},"end":{"line":46,"column":17}},"loc":{"start":{"line":46,"column":35},"end":{"line":55,"column":1}},"line":46}},"branchMap":{"0":{"loc":{"start":{"line":9,"column":8},"end":{"line":14,"column":9}},"type":"if","locations":[{"start":{"line":9,"column":8},"end":{"line":14,"column":9}},{"start":{"line":12,"column":12},"end":{"line":14,"column":9}}],"line":9},"1":{"loc":{"start":{"line":31,"column":8},"end":{"line":33,"column":9}},"type":"if","locations":[{"start":{"line":31,"column":8},"end":{"line":33,"column":9}},{"start":{},"end":{}}],"line":31}},"s":{"0":1,"1":3,"2":3,"3":2,"4":2,"5":1,"6":1,"7":2,"8":2,"9":1,"10":1,"11":1,"12":1,"13":1,"14":1,"15":1,"16":1,"17":1,"18":1,"19":0,"20":0,"21":1,"22":2,"23":2,"24":1,"25":1,"26":1,"27":1},"f":{"0":3,"1":1,"2":2},"b":{"0":[1,1],"1":[1,0]},"_coverageSchema":"1a1c01bbd47fc00a2c39e90264f33305004495a9","hash":"662b561336f15321450773cdc73bcaf1e38b1d34"}
,"D:\\Web Project V2\\Web-App\\backend\\controllers\\foodController.js": {"path":"D:\\Web Project V2\\Web-App\\backend\\controllers\\foodController.js","statementMap":{"0":{"start":{"line":8,"column":16},"end":{"line":29,"column":1}},"1":{"start":{"line":10,"column":25},"end":{"line":10,"column":47}},"2":{"start":{"line":12,"column":17},"end":{"line":18,"column":6}},"3":{"start":{"line":20,"column":4},"end":{"line":26,"column":5}},"4":{"start":{"line":21,"column":8},"end":{"line":21,"column":26}},"5":{"start":{"line":22,"column":8},"end":{"line":22,"column":53}},"6":{"start":{"line":24,"column":8},"end":{"line":24,"column":26}},"7":{"start":{"line":25,"column":8},"end":{"line":25,"column":49}},"8":{"start":{"line":34,"column":18},"end":{"line":42,"column":1}},"9":{"start":{"line":35,"column":4},"end":{"line":41,"column":5}},"10":{"start":{"line":36,"column":22},"end":{"line":36,"column":46}},"11":{"start":{"line":37,"column":8},"end":{"line":37,"column":43}},"12":{"start":{"line":39,"column":8},"end":{"line":39,"column":26}},"13":{"start":{"line":40,"column":8},"end":{"line":40,"column":50}},"14":{"start":{"line":47,"column":19},"end":{"line":59,"column":1}},"15":{"start":{"line":48,"column":4},"end":{"line":58,"column":5}},"16":{"start":{"line":50,"column":20},"end":{"line":50,"column":57}},"17":{"start":{"line":51,"column":8},"end":{"line":51,"column":49}},"18":{"start":{"line":52,"column":8},"end":{"line":52,"column":55}},"19":{"start":{"line":53,"column":8},"end":{"line":53,"column":55}},"20":{"start":{"line":56,"column":8},"end":{"line":56,"column":27}},"21":{"start":{"line":57,"column":8},"end":{"line":57,"column":49}}},"fnMap":{"0":{"name":"(anonymous_0)","decl":{"start":{"line":8,"column":16},"end":{"line":8,"column":17}},"loc":{"start":{"line":8,"column":36},"end":{"line":29,"column":1}},"line":8},"1":{"name":"(anonymous_1)","decl":{"start":{"line":34,"column":18},"end":{"line":34,"column":19}},"loc":{"start":{"line":34,"column":36},"end":{"line":42,"column":1}},"line":34},"2":{"name":"(anonymous_2)","decl":{"start":{"line":47,"column":19},"end":{"line":47,"column":20}},"loc":{"start":{"line":47,"column":35},"end":{"line":59,"column":1}},"line":47},"3":{"name":"(anonymous_3)","decl":{"start":{"line":51,"column":42},"end":{"line":51,"column":43}},"loc":{"start":{"line":51,"column":46},"end":{"line":51,"column":48}},"line":51}},"branchMap":{},"s":{"0":1,"1":2,"2":2,"3":2,"4":2,"5":1,"6":1,"7":1,"8":1,"9":2,"10":2,"11":1,"12":1,"13":1,"14":1,"15":2,"16":2,"17":1,"18":1,"19":1,"20":1,"21":1},"f":{"0":2,"1":2,"2":2,"3":0},"b":{},"_coverageSchema":"1a1c01bbd47fc00a2c39e90264f33305004495a9","hash":"48910f419dc814290d2c61959a6446b01596e9cd"}
,"D:\\Web Project V2\\Web-App\\backend\\controllers\\orderController.js": {"path":"D:\\Web Project V2\\Web-App\\backend\\controllers\\orderController.js","statementMap":{"0":{"start":{"line":6,"column":15},"end":{"line":6,"column":56}},"1":{"start":{"line":9,"column":19},"end":{"line":58,"column":1}},"2":{"start":{"line":11,"column":25},"end":{"line":11,"column":48}},"3":{"start":{"line":13,"column":4},"end":{"line":57,"column":5}},"4":{"start":{"line":14,"column":25},"end":{"line":19,"column":10}},"5":{"start":{"line":20,"column":8},"end":{"line":20,"column":30}},"6":{"start":{"line":21,"column":8},"end":{"line":21,"column":68}},"7":{"start":{"line":23,"column":27},"end":{"line":32,"column":11}},"8":{"start":{"line":23,"column":55},"end":{"line":32,"column":9}},"9":{"start":{"line":34,"column":8},"end":{"line":43,"column":10}},"10":{"start":{"line":45,"column":24},"end":{"line":50,"column":10}},"11":{"start":{"line":52,"column":8},"end":{"line":52,"column":56}},"12":{"start":{"line":55,"column":8},"end":{"line":55,"column":27}},"13":{"start":{"line":56,"column":8},"end":{"line":56,"column":49}},"14":{"start":{"line":61,"column":20},"end":{"line":77,"column":1}},"15":{"start":{"line":62,"column":30},"end":{"line":62,"column":38}},"16":{"start":{"line":64,"column":4},"end":{"line":76,"column":5}},"17":{"start":{"line":65,"column":8},"end":{"line":72,"column":9}},"18":{"start":{"line":66,"column":12},"end":{"line":66,"column":71}},"19":{"start":{"line":67,"column":12},"end":{"line":67,"column":51}},"20":{"start":{"line":70,"column":12},"end":{"line":70,"column":56}},"21":{"start":{"line":71,"column":12},"end":{"line":71,"column":56}},"22":{"start":{"line":74,"column":8},"end":{"line":74,"column":26}},"23":{"start":{"line":75,"column":8},"end":{"line":75,"column":49}},"24":{"start":{"line":80,"column":19},"end":{"line":88,"column":1}},"25":{"start":{"line":81,"column":4},"end":{"line":87,"column":5}},"26":{"start":{"line":82,"column":23},"end":{"line":82,"column":65}},"27":{"start":{"line":83,"column":8},"end":{"line":83,"column":44}},"28":{"start":{"line":85,"column":8},"end":{"line":85,"column":27}},"29":{"start":{"line":86,"column":8},"end":{"line":86,"column":50}},"30":{"start":{"line":91,"column":18},"end":{"line":99,"column":1}},"31":{"start":{"line":92,"column":4},"end":{"line":98,"column":5}},"32":{"start":{"line":93,"column":23},"end":{"line":93,"column":48}},"33":{"start":{"line":94,"column":8},"end":{"line":94,"column":44}},"34":{"start":{"line":96,"column":8},"end":{"line":96,"column":27}},"35":{"start":{"line":97,"column":8},"end":{"line":97,"column":49}},"36":{"start":{"line":102,"column":21},"end":{"line":110,"column":1}},"37":{"start":{"line":103,"column":4},"end":{"line":109,"column":5}},"38":{"start":{"line":104,"column":8},"end":{"line":104,"column":86}},"39":{"start":{"line":105,"column":8},"end":{"line":105,"column":57}},"40":{"start":{"line":107,"column":8},"end":{"line":107,"column":27}},"41":{"start":{"line":108,"column":8},"end":{"line":108,"column":50}}},"fnMap":{"0":{"name":"(anonymous_0)","decl":{"start":{"line":9,"column":19},"end":{"line":9,"column":20}},"loc":{"start":{"line":9,"column":38},"end":{"line":58,"column":1}},"line":9},"1":{"name":"(anonymous_1)","decl":{"start":{"line":23,"column":46},"end":{"line":23,"column":47}},"loc":{"start":{"line":23,"column":55},"end":{"line":32,"column":9}},"line":23},"2":{"name":"(anonymous_2)","decl":{"start":{"line":61,"column":20},"end":{"line":61,"column":21}},"loc":{"start":{"line":61,"column":39},"end":{"line":77,"column":1}},"line":61},"3":{"name":"(anonymous_3)","decl":{"start":{"line":80,"column":19},"end":{"line":80,"column":20}},"loc":{"start":{"line":80,"column":38},"end":{"line":88,"column":1}},"line":80},"4":{"name":"(anonymous_4)","decl":{"start":{"line":91,"column":18},"end":{"line":91,"column":19}},"loc":{"start":{"line":91,"column":37},"end":{"line":99,"column":1}},"line":91},"5":{"name":"(anonymous_5)","decl":{"start":{"line":102,"column":21},"end":{"line":102,"column":22}},"loc":{"start":{"line":102,"column":40},"end":{"line":110,"column":1}},"line":102}},"branchMap":{"0":{"loc":{"start":{"line":65,"column":8},"end":{"line":72,"column":9}},"type":"if","locations":[{"start":{"line":65,"column":8},"end":{"line":72,"column":9}},{"start":{"line":69,"column":12},"end":{"line":72,"column":9}}],"line":65}},"s":{"0":1,"1":1,"2":0,"3":0,"4":0,"5":0,"6":0,"7":0,"8":0,"9":0,"10":0,"11":0,"12":0,"13":0,"14":1,"15":1,"16":1,"17":1,"18":1,"19":1,"20":0,"21":0,"22":0,"23":0,"24":1,"25":1,"26":1,"27":1,"28":0,"29":0,"30":1,"31":0,"32":0,"33":0,"34":0,"35":0,"36":1,"37":0,"38":0,"39":0,"40":0,"41":0},"f":{"0":0,"1":0,"2":1,"3":1,"4":0,"5":0},"b":{"0":[1,0]},"_coverageSchema":"1a1c01bbd47fc00a2c39e90264f33305004495a9","hash":"c1a5525f763c689effb1761328debceae7d50d58"}
,"D:\\Web Project V2\\Web-App\\backend\\controllers\\userController.js": {"path":"D:\\Web Project V2\\Web-App\\backend\\controllers\\userController.js","statementMap":{"0":{"start":{"line":10,"column":18},"end":{"line":30,"column":1}},"1":{"start":{"line":11,"column":29},"end":{"line":11,"column":37}},"2":{"start":{"line":12,"column":4},"end":{"line":29,"column":5}},"3":{"start":{"line":13,"column":21},"end":{"line":13,"column":53}},"4":{"start":{"line":14,"column":8},"end":{"line":16,"column":9}},"5":{"start":{"line":15,"column":12},"end":{"line":15,"column":73}},"6":{"start":{"line":17,"column":24},"end":{"line":17,"column":69}},"7":{"start":{"line":19,"column":8},"end":{"line":21,"column":9}},"8":{"start":{"line":20,"column":12},"end":{"line":20,"column":75}},"9":{"start":{"line":23,"column":22},"end":{"line":23,"column":43}},"10":{"start":{"line":24,"column":8},"end":{"line":24,"column":38}},"11":{"start":{"line":27,"column":8},"end":{"line":27,"column":27}},"12":{"start":{"line":28,"column":8},"end":{"line":28,"column":49}},"13":{"start":{"line":32,"column":20},"end":{"line":34,"column":1}},"14":{"start":{"line":33,"column":4},"end":{"line":33,"column":48}},"15":{"start":{"line":38,"column":21},"end":{"line":74,"column":1}},"16":{"start":{"line":39,"column":34},"end":{"line":39,"column":42}},"17":{"start":{"line":40,"column":4},"end":{"line":73,"column":5}},"18":{"start":{"line":42,"column":23},"end":{"line":42,"column":55}},"19":{"start":{"line":43,"column":8},"end":{"line":45,"column":9}},"20":{"start":{"line":44,"column":12},"end":{"line":44,"column":88}},"21":{"start":{"line":48,"column":8},"end":{"line":50,"column":9}},"22":{"start":{"line":49,"column":12},"end":{"line":49,"column":81}},"23":{"start":{"line":52,"column":8},"end":{"line":54,"column":9}},"24":{"start":{"line":53,"column":12},"end":{"line":53,"column":86}},"25":{"start":{"line":57,"column":21},"end":{"line":57,"column":45}},"26":{"start":{"line":58,"column":31},"end":{"line":58,"column":63}},"27":{"start":{"line":60,"column":24},"end":{"line":64,"column":10}},"28":{"start":{"line":66,"column":21},"end":{"line":66,"column":41}},"29":{"start":{"line":67,"column":22},"end":{"line":67,"column":43}},"30":{"start":{"line":68,"column":8},"end":{"line":68,"column":38}},"31":{"start":{"line":71,"column":8},"end":{"line":71,"column":27}},"32":{"start":{"line":72,"column":8},"end":{"line":72,"column":49}}},"fnMap":{"0":{"name":"(anonymous_0)","decl":{"start":{"line":10,"column":18},"end":{"line":10,"column":19}},"loc":{"start":{"line":10,"column":35},"end":{"line":30,"column":1}},"line":10},"1":{"name":"(anonymous_1)","decl":{"start":{"line":32,"column":20},"end":{"line":32,"column":21}},"loc":{"start":{"line":32,"column":27},"end":{"line":34,"column":1}},"line":32},"2":{"name":"(anonymous_2)","decl":{"start":{"line":38,"column":21},"end":{"line":38,"column":22}},"loc":{"start":{"line":38,"column":38},"end":{"line":74,"column":1}},"line":38}},"branchMap":{"0":{"loc":{"start":{"line":14,"column":8},"end":{"line":16,"column":9}},"type":"if","locations":[{"start":{"line":14,"column":8},"end":{"line":16,"column":9}},{"start":{},"end":{}}],"line":14},"1":{"loc":{"start":{"line":19,"column":8},"end":{"line":21,"column":9}},"type":"if","locations":[{"start":{"line":19,"column":8},"end":{"line":21,"column":9}},{"start":{},"end":{}}],"line":19},"2":{"loc":{"start":{"line":43,"column":8},"end":{"line":45,"column":9}},"type":"if","locations":[{"start":{"line":43,"column":8},"end":{"line":45,"column":9}},{"start":{},"end":{}}],"line":43},"3":{"loc":{"start":{"line":48,"column":8},"end":{"line":50,"column":9}},"type":"if","locations":[{"start":{"line":48,"column":8},"end":{"line":50,"column":9}},{"start":{},"end":{}}],"line":48},"4":{"loc":{"start":{"line":52,"column":8},"end":{"line":54,"column":9}},"type":"if","locations":[{"start":{"line":52,"column":8},"end":{"line":54,"column":9}},{"start":{},"end":{}}],"line":52}},"s":{"0":1,"1":3,"2":3,"3":3,"4":3,"5":1,"6":2,"7":2,"8":1,"9":1,"10":1,"11":0,"12":0,"13":1,"14":2,"15":1,"16":4,"17":4,"18":4,"19":4,"20":1,"21":3,"22":1,"23":2,"24":1,"25":1,"26":1,"27":1,"28":1,"29":1,"30":1,"31":0,"32":0},"f":{"0":3,"1":2,"2":4},"b":{"0":[1,2],"1":[1,1],"2":[1,3],"3":[1,2],"4":[1,1]},"_coverageSchema":"1a1c01bbd47fc00a2c39e90264f33305004495a9","hash":"e8626ed60abe48671c92e09037e8e7ddef07c347"}
,"D:\\Web Project V2\\Web-App\\backend\\middleware\\auth.js": {"path":"D:\\Web Project V2\\Web-App\\backend\\middleware\\auth.js","statementMap":{"0":{"start":{"line":4,"column":23},"end":{"line":20,"column":1}},"1":{"start":{"line":6,"column":20},"end":{"line":6,"column":31}},"2":{"start":{"line":7,"column":4},"end":{"line":10,"column":5}},"3":{"start":{"line":8,"column":8},"end":{"line":8,"column":77}},"4":{"start":{"line":12,"column":4},"end":{"line":19,"column":5}},"5":{"start":{"line":13,"column":29},"end":{"line":13,"column":69}},"6":{"start":{"line":14,"column":8},"end":{"line":14,"column":37}},"7":{"start":{"line":15,"column":8},"end":{"line":15,"column":15}},"8":{"start":{"line":17,"column":8},"end":{"line":17,"column":27}},"9":{"start":{"line":18,"column":8},"end":{"line":18,"column":49}}},"fnMap":{"0":{"name":"(anonymous_0)","decl":{"start":{"line":4,"column":23},"end":{"line":4,"column":24}},"loc":{"start":{"line":4,"column":47},"end":{"line":20,"column":1}},"line":4}},"branchMap":{"0":{"loc":{"start":{"line":7,"column":4},"end":{"line":10,"column":5}},"type":"if","locations":[{"start":{"line":7,"column":4},"end":{"line":10,"column":5}},{"start":{},"end":{}}],"line":7}},"s":{"0":1,"1":3,"2":3,"3":1,"4":2,"5":2,"6":1,"7":1,"8":1,"9":1},"f":{"0":3},"b":{"0":[1,2]},"_coverageSchema":"1a1c01bbd47fc00a2c39e90264f33305004495a9","hash":"f2bf96177d3ae21b43337f221d77ce7cf7585ed8"}
,"D:\\Web Project V2\\Web-App\\backend\\models\\foodModel.js": {"path":"D:\\Web Project V2\\Web-App\\backend\\models\\foodModel.js","statementMap":{"0":{"start":{"line":3,"column":19},"end":{"line":9,"column":2}},"1":{"start":{"line":11,"column":18},"end":{"line":11,"column":76}}},"fnMap":{},"branchMap":{"0":{"loc":{"start":{"line":11,"column":18},"end":{"line":11,"column":76}},"type":"binary-expr","locations":[{"start":{"line":11,"column":18},"end":{"line":11,"column":38}},{"start":{"line":11,"column":42},"end":{"line":11,"column":76}}],"line":11}},"s":{"0":1,"1":1},"f":{},"b":{"0":[1,1]},"_coverageSchema":"1a1c01bbd47fc00a2c39e90264f33305004495a9","hash":"9224c1e6a958dc21b1ace6e6a00fa92d4284257a"}
,"D:\\Web Project V2\\Web-App\\backend\\models\\orderModel.js": {"path":"D:\\Web Project V2\\Web-App\\backend\\models\\orderModel.js","statementMap":{"0":{"start":{"line":3,"column":20},"end":{"line":11,"column":2}},"1":{"start":{"line":13,"column":19},"end":{"line":13,"column":79}}},"fnMap":{},"branchMap":{"0":{"loc":{"start":{"line":13,"column":19},"end":{"line":13,"column":79}},"type":"binary-expr","locations":[{"start":{"line":13,"column":19},"end":{"line":13,"column":40}},{"start":{"line":13,"column":44},"end":{"line":13,"column":79}}],"line":13}},"s":{"0":1,"1":1},"f":{},"b":{"0":[1,1]},"_coverageSchema":"1a1c01bbd47fc00a2c39e90264f33305004495a9","hash":"0fe7d588623698ba7d16af29a535bf54954584ab"}
,"D:\\Web Project V2\\Web-App\\backend\\models\\userModel.js": {"path":"D:\\Web Project V2\\Web-App\\backend\\models\\userModel.js","statementMap":{"0":{"start":{"line":4,"column":19},"end":{"line":12,"column":19}},"1":{"start":{"line":14,"column":18},"end":{"line":14,"column":75}}},"fnMap":{},"branchMap":{"0":{"loc":{"start":{"line":14,"column":18},"end":{"line":14,"column":75}},"type":"binary-expr","locations":[{"start":{"line":14,"column":18},"end":{"line":14,"column":38}},{"start":{"line":14,"column":42},"end":{"line":14,"column":75}}],"line":14}},"s":{"0":3,"1":3},"f":{},"b":{"0":[3,3]},"_coverageSchema":"1a1c01bbd47fc00a2c39e90264f33305004495a9","hash":"959cefabc42b644ac5a9da8f54e385702307acc8"}
}
