TN:
SF:controllers\cartController.js
FN:5,(anonymous_0)
FN:27,(anonymous_1)
FN:46,(anonymous_2)
FNF:3
FNH:3
FNDA:3,(anonymous_0)
FNDA:1,(anonymous_1)
FNDA:2,(anonymous_2)
DA:5,1
DA:6,3
DA:7,3
DA:8,2
DA:9,2
DA:10,1
DA:13,1
DA:15,2
DA:16,2
DA:18,1
DA:19,1
DA:27,1
DA:28,1
DA:29,1
DA:30,1
DA:31,1
DA:32,1
DA:34,1
DA:35,1
DA:37,0
DA:38,0
DA:46,1
DA:47,2
DA:48,2
DA:49,1
DA:50,1
DA:52,1
DA:53,1
LF:28
LH:26
BRDA:9,0,0,1
BRDA:9,0,1,1
BRDA:31,1,0,1
BRDA:31,1,1,0
BRF:4
BRH:3
end_of_record
TN:
SF:controllers\foodController.js
FN:8,(anonymous_0)
FN:34,(anonymous_1)
FN:47,(anonymous_2)
FN:51,(anonymous_3)
FNF:4
FNH:3
FNDA:2,(anonymous_0)
FNDA:2,(anonymous_1)
FNDA:2,(anonymous_2)
FNDA:0,(anonymous_3)
DA:8,1
DA:10,2
DA:12,2
DA:20,2
DA:21,2
DA:22,1
DA:24,1
DA:25,1
DA:34,1
DA:35,2
DA:36,2
DA:37,1
DA:39,1
DA:40,1
DA:47,1
DA:48,2
DA:50,2
DA:51,1
DA:52,1
DA:53,1
DA:56,1
DA:57,1
LF:22
LH:22
BRF:0
BRH:0
end_of_record
TN:
SF:controllers\orderController.js
FN:9,(anonymous_0)
FN:23,(anonymous_1)
FN:61,(anonymous_2)
FN:80,(anonymous_3)
FN:91,(anonymous_4)
FN:102,(anonymous_5)
FNF:6
FNH:2
FNDA:0,(anonymous_0)
FNDA:0,(anonymous_1)
FNDA:1,(anonymous_2)
FNDA:1,(anonymous_3)
FNDA:0,(anonymous_4)
FNDA:0,(anonymous_5)
DA:6,1
DA:9,1
DA:11,0
DA:13,0
DA:14,0
DA:20,0
DA:21,0
DA:23,0
DA:34,0
DA:45,0
DA:52,0
DA:55,0
DA:56,0
DA:61,1
DA:62,1
DA:64,1
DA:65,1
DA:66,1
DA:67,1
DA:70,0
DA:71,0
DA:74,0
DA:75,0
DA:80,1
DA:81,1
DA:82,1
DA:83,1
DA:85,0
DA:86,0
DA:91,1
DA:92,0
DA:93,0
DA:94,0
DA:96,0
DA:97,0
DA:102,1
DA:103,0
DA:104,0
DA:105,0
DA:107,0
DA:108,0
LF:41
LH:14
BRDA:65,0,0,1
BRDA:65,0,1,0
BRF:2
BRH:1
end_of_record
TN:
SF:controllers\userController.js
FN:10,(anonymous_0)
FN:32,(anonymous_1)
FN:38,(anonymous_2)
FNF:3
FNH:3
FNDA:3,(anonymous_0)
FNDA:2,(anonymous_1)
FNDA:4,(anonymous_2)
DA:10,1
DA:11,3
DA:12,3
DA:13,3
DA:14,3
DA:15,1
DA:17,2
DA:19,2
DA:20,1
DA:23,1
DA:24,1
DA:27,0
DA:28,0
DA:32,1
DA:33,2
DA:38,1
DA:39,4
DA:40,4
DA:42,4
DA:43,4
DA:44,1
DA:48,3
DA:49,1
DA:52,2
DA:53,1
DA:57,1
DA:58,1
DA:60,1
DA:66,1
DA:67,1
DA:68,1
DA:71,0
DA:72,0
LF:33
LH:29
BRDA:14,0,0,1
BRDA:14,0,1,2
BRDA:19,1,0,1
BRDA:19,1,1,1
BRDA:43,2,0,1
BRDA:43,2,1,3
BRDA:48,3,0,1
BRDA:48,3,1,2
BRDA:52,4,0,1
BRDA:52,4,1,1
BRF:10
BRH:10
end_of_record
TN:
SF:middleware\auth.js
FN:4,(anonymous_0)
FNF:1
FNH:1
FNDA:3,(anonymous_0)
DA:4,1
DA:6,3
DA:7,3
DA:8,1
DA:12,2
DA:13,2
DA:14,1
DA:15,1
DA:17,1
DA:18,1
LF:10
LH:10
BRDA:7,0,0,1
BRDA:7,0,1,2
BRF:2
BRH:2
end_of_record
TN:
SF:models\foodModel.js
FNF:0
FNH:0
DA:3,1
DA:11,1
LF:2
LH:2
BRDA:11,0,0,1
BRDA:11,0,1,1
BRF:2
BRH:2
end_of_record
TN:
SF:models\orderModel.js
FNF:0
FNH:0
DA:3,1
DA:13,1
LF:2
LH:2
BRDA:13,0,0,1
BRDA:13,0,1,1
BRF:2
BRH:2
end_of_record
TN:
SF:models\userModel.js
FNF:0
FNH:0
DA:4,3
DA:14,3
LF:2
LH:2
BRDA:14,0,0,3
BRDA:14,0,1,3
BRF:2
BRH:2
end_of_record
