TN:
SF:controllers\cartController.js
FN:5,(anonymous_0)
FN:27,(anonymous_1)
FN:46,(anonymous_2)
FNF:3
FNH:3
FNDA:3,(anonymous_0)
FNDA:3,(anonymous_1)
FNDA:2,(anonymous_2)
DA:5,1
DA:6,3
DA:7,3
DA:8,2
DA:9,2
DA:10,1
DA:13,1
DA:15,2
DA:16,2
DA:18,1
DA:19,1
DA:27,1
DA:28,3
DA:29,3
DA:30,2
DA:31,2
DA:32,1
DA:34,2
DA:35,2
DA:37,1
DA:38,1
DA:46,1
DA:47,2
DA:48,2
DA:49,1
DA:50,1
DA:52,1
DA:53,1
LF:28
LH:28
BRDA:9,0,0,1
BRDA:9,0,1,1
BRDA:31,1,0,1
BRDA:31,1,1,1
BRF:4
BRH:4
end_of_record
TN:
SF:controllers\foodController.js
FN:8,(anonymous_0)
FN:34,(anonymous_1)
FN:47,(anonymous_2)
FN:51,(anonymous_3)
FNF:4
FNH:4
FNDA:2,(anonymous_0)
FNDA:2,(anonymous_1)
FNDA:2,(anonymous_2)
FNDA:1,(anonymous_3)
DA:8,1
DA:10,2
DA:12,2
DA:20,2
DA:21,2
DA:22,1
DA:24,1
DA:25,1
DA:34,1
DA:35,2
DA:36,2
DA:37,1
DA:39,1
DA:40,1
DA:47,1
DA:48,2
DA:50,2
DA:51,1
DA:52,1
DA:53,1
DA:56,1
DA:57,1
LF:22
LH:22
BRF:0
BRH:0
end_of_record
TN:
SF:controllers\orderController.js
FN:9,(anonymous_0)
FN:23,(anonymous_1)
FN:61,(anonymous_2)
FN:80,(anonymous_3)
FN:91,(anonymous_4)
FN:102,(anonymous_5)
FNF:6
FNH:6
FNDA:2,(anonymous_0)
FNDA:2,(anonymous_1)
FNDA:3,(anonymous_2)
FNDA:2,(anonymous_3)
FNDA:2,(anonymous_4)
FNDA:2,(anonymous_5)
DA:6,1
DA:9,1
DA:11,2
DA:13,2
DA:14,2
DA:20,2
DA:21,1
DA:23,2
DA:34,1
DA:45,1
DA:52,1
DA:55,1
DA:56,1
DA:61,1
DA:62,3
DA:64,3
DA:65,3
DA:66,2
DA:67,1
DA:70,1
DA:71,1
DA:74,1
DA:75,1
DA:80,1
DA:81,2
DA:82,2
DA:83,1
DA:85,1
DA:86,1
DA:91,1
DA:92,2
DA:93,2
DA:94,1
DA:96,1
DA:97,1
DA:102,1
DA:103,2
DA:104,2
DA:105,1
DA:107,1
DA:108,1
LF:41
LH:41
BRDA:65,0,0,2
BRDA:65,0,1,1
BRF:2
BRH:2
end_of_record
TN:
SF:controllers\userController.js
FN:10,(anonymous_0)
FN:32,(anonymous_1)
FN:38,(anonymous_2)
FNF:3
FNH:3
FNDA:4,(anonymous_0)
FNDA:2,(anonymous_1)
FNDA:5,(anonymous_2)
DA:10,1
DA:11,4
DA:12,4
DA:13,4
DA:14,3
DA:15,1
DA:17,2
DA:19,2
DA:20,1
DA:23,1
DA:24,1
DA:27,1
DA:28,1
DA:32,1
DA:33,2
DA:38,1
DA:39,5
DA:40,5
DA:42,5
DA:43,4
DA:44,1
DA:48,3
DA:49,1
DA:52,2
DA:53,1
DA:57,1
DA:58,1
DA:60,1
DA:66,1
DA:67,1
DA:68,1
DA:71,1
DA:72,1
LF:33
LH:33
BRDA:14,0,0,1
BRDA:14,0,1,2
BRDA:19,1,0,1
BRDA:19,1,1,1
BRDA:43,2,0,1
BRDA:43,2,1,3
BRDA:48,3,0,1
BRDA:48,3,1,2
BRDA:52,4,0,1
BRDA:52,4,1,1
BRF:10
BRH:10
end_of_record
TN:
SF:middleware\auth.js
FN:4,(anonymous_0)
FNF:1
FNH:1
FNDA:4,(anonymous_0)
DA:4,1
DA:6,4
DA:7,4
DA:8,1
DA:12,3
DA:13,3
DA:14,1
DA:15,1
DA:17,2
DA:18,2
LF:10
LH:10
BRDA:7,0,0,1
BRDA:7,0,1,3
BRF:2
BRH:2
end_of_record
TN:
SF:models\foodModel.js
FNF:0
FNH:0
DA:3,1
DA:11,1
LF:2
LH:2
BRDA:11,0,0,1
BRDA:11,0,1,1
BRF:2
BRH:2
end_of_record
TN:
SF:models\orderModel.js
FNF:0
FNH:0
DA:3,1
DA:13,1
LF:2
LH:2
BRDA:13,0,0,1
BRDA:13,0,1,1
BRF:2
BRH:2
end_of_record
TN:
SF:models\userModel.js
FNF:0
FNH:0
DA:4,3
DA:14,3
LF:2
LH:2
BRDA:14,0,0,3
BRDA:14,0,1,3
BRF:2
BRH:2
end_of_record
TN:
SF:routes\cartRoute.js
FNF:0
FNH:0
DA:5,0
DA:7,0
DA:8,0
DA:9,0
LF:4
LH:0
BRF:0
BRH:0
end_of_record
TN:
SF:routes\foodRoute.js
FN:11,(anonymous_0)
FNF:1
FNH:0
FNDA:0,(anonymous_0)
DA:5,0
DA:9,0
DA:12,0
DA:13,0
DA:18,0
DA:20,0
DA:21,0
DA:22,0
LF:8
LH:0
BRF:0
BRH:0
end_of_record
TN:
SF:routes\orderRoute.js
FNF:0
FNH:0
DA:5,0
DA:7,0
DA:8,0
DA:9,0
DA:10,0
DA:11,0
LF:6
LH:0
BRF:0
BRH:0
end_of_record
TN:
SF:routes\userRoute.js
FNF:0
FNH:0
DA:6,0
DA:8,0
DA:9,0
LF:3
LH:0
BRF:0
BRH:0
end_of_record
